
Circuit 1 cell sky130_fd_pr__nfet_01v8 and Circuit 2 cell sky130_fd_pr__nfet_01v8 are black boxes.
Equate elements:  no current cell.
Device classes sky130_fd_pr__nfet_01v8 and sky130_fd_pr__nfet_01v8 are equivalent.

Circuit 1 cell sky130_fd_pr__pfet_01v8 and Circuit 2 cell sky130_fd_pr__pfet_01v8 are black boxes.
Equate elements:  no current cell.
Device classes sky130_fd_pr__pfet_01v8 and sky130_fd_pr__pfet_01v8 are equivalent.
Flattening unmatched subcell sky130_fd_pr__nfet_01v8_L78EGD in circuit nand (0)(2 instances)
Flattening unmatched subcell sky130_fd_pr__pfet_01v8_2ZD9BZ in circuit nand (0)(2 instances)

Subcircuit summary:
Circuit 1: nand                            |Circuit 2: nand                            
-------------------------------------------|-------------------------------------------
sky130_fd_pr__nfet_01v8 (2)                |sky130_fd_pr__nfet_01v8 (2)                
sky130_fd_pr__pfet_01v8 (2)                |sky130_fd_pr__pfet_01v8 (2)                
Number of devices: 4                       |Number of devices: 4                       
Number of nets: 6                          |Number of nets: 6                          
---------------------------------------------------------------------------------------
Netlists match uniquely with property errors.
sky130_fd_pr__pfet_01v8_2ZD9BZ_0/sky130_fd_pr__pfet_01v8:0 vs. sky130_fd_pr__pfet_01v8:M4:
Property ps in circuit1 has no matching property in circuit2
sky130_fd_pr__pfet_01v8_2ZD9BZ_0/sky130_fd_pr__pfet_01v8:0 vs. sky130_fd_pr__pfet_01v8:M4:
Property as in circuit1 has no matching property in circuit2
sky130_fd_pr__pfet_01v8_2ZD9BZ_0/sky130_fd_pr__pfet_01v8:0 vs. sky130_fd_pr__pfet_01v8:M4:
Property pd in circuit1 has no matching property in circuit2
sky130_fd_pr__pfet_01v8_2ZD9BZ_0/sky130_fd_pr__pfet_01v8:0 vs. sky130_fd_pr__pfet_01v8:M4:
Property ad in circuit1 has no matching property in circuit2
sky130_fd_pr__pfet_01v8_2ZD9BZ_0/sky130_fd_pr__pfet_01v8:0 vs. sky130_fd_pr__pfet_01v8:M4:
Property nf in circuit2 has no matching property in circuit1
sky130_fd_pr__pfet_01v8_2ZD9BZ:XM2/sky130_fd_pr__pfet_01v8:0 vs. sky130_fd_pr__pfet_01v8:M2:
Property ps in circuit1 has no matching property in circuit2
sky130_fd_pr__pfet_01v8_2ZD9BZ:XM2/sky130_fd_pr__pfet_01v8:0 vs. sky130_fd_pr__pfet_01v8:M2:
Property as in circuit1 has no matching property in circuit2
sky130_fd_pr__pfet_01v8_2ZD9BZ:XM2/sky130_fd_pr__pfet_01v8:0 vs. sky130_fd_pr__pfet_01v8:M2:
Property pd in circuit1 has no matching property in circuit2
sky130_fd_pr__pfet_01v8_2ZD9BZ:XM2/sky130_fd_pr__pfet_01v8:0 vs. sky130_fd_pr__pfet_01v8:M2:
Property ad in circuit1 has no matching property in circuit2
sky130_fd_pr__pfet_01v8_2ZD9BZ:XM2/sky130_fd_pr__pfet_01v8:0 vs. sky130_fd_pr__pfet_01v8:M2:
Property nf in circuit2 has no matching property in circuit1
sky130_fd_pr__nfet_01v8_L78EGD_0/sky130_fd_pr__nfet_01v8:0 vs. sky130_fd_pr__nfet_01v8:M1:
Property ps in circuit1 has no matching property in circuit2
sky130_fd_pr__nfet_01v8_L78EGD_0/sky130_fd_pr__nfet_01v8:0 vs. sky130_fd_pr__nfet_01v8:M1:
Property as in circuit1 has no matching property in circuit2
sky130_fd_pr__nfet_01v8_L78EGD_0/sky130_fd_pr__nfet_01v8:0 vs. sky130_fd_pr__nfet_01v8:M1:
Property pd in circuit1 has no matching property in circuit2
sky130_fd_pr__nfet_01v8_L78EGD_0/sky130_fd_pr__nfet_01v8:0 vs. sky130_fd_pr__nfet_01v8:M1:
Property ad in circuit1 has no matching property in circuit2
sky130_fd_pr__nfet_01v8_L78EGD_0/sky130_fd_pr__nfet_01v8:0 vs. sky130_fd_pr__nfet_01v8:M1:
Property nf in circuit2 has no matching property in circuit1
sky130_fd_pr__nfet_01v8_L78EGD:XM4/sky130_fd_pr__nfet_01v8:0 vs. sky130_fd_pr__nfet_01v8:M3:
Property ps in circuit1 has no matching property in circuit2
sky130_fd_pr__nfet_01v8_L78EGD:XM4/sky130_fd_pr__nfet_01v8:0 vs. sky130_fd_pr__nfet_01v8:M3:
Property as in circuit1 has no matching property in circuit2
sky130_fd_pr__nfet_01v8_L78EGD:XM4/sky130_fd_pr__nfet_01v8:0 vs. sky130_fd_pr__nfet_01v8:M3:
Property pd in circuit1 has no matching property in circuit2
sky130_fd_pr__nfet_01v8_L78EGD:XM4/sky130_fd_pr__nfet_01v8:0 vs. sky130_fd_pr__nfet_01v8:M3:
Property ad in circuit1 has no matching property in circuit2
sky130_fd_pr__nfet_01v8_L78EGD:XM4/sky130_fd_pr__nfet_01v8:0 vs. sky130_fd_pr__nfet_01v8:M3:
Property nf in circuit2 has no matching property in circuit1

Subcircuit pins:
Circuit 1: nand                            |Circuit 2: nand                            
-------------------------------------------|-------------------------------------------
VDD                                        |VDD                                        
OUT                                        |OUT                                        
VSS                                        |VSS                                        
m1_1070_58#                                |B **Mismatch**                             
m1_670_62#                                 |A **Mismatch**                             
---------------------------------------------------------------------------------------
Cell pin lists for nand and nand altered to match.
Device classes nand and nand are equivalent.
Flattening unmatched subcell sky130_fd_pr__pfet_01v8_2MG8BZ in circuit inverter (0)(1 instance)
Flattening unmatched subcell sky130_fd_pr__nfet_01v8_EDL9KC in circuit inverter (0)(1 instance)

Subcircuit summary:
Circuit 1: inverter                        |Circuit 2: inverter                        
-------------------------------------------|-------------------------------------------
sky130_fd_pr__pfet_01v8 (1)                |sky130_fd_pr__pfet_01v8 (1)                
sky130_fd_pr__nfet_01v8 (1)                |sky130_fd_pr__nfet_01v8 (1)                
Number of devices: 2                       |Number of devices: 2                       
Number of nets: 4                          |Number of nets: 4                          
---------------------------------------------------------------------------------------
Netlists match uniquely with property errors.
sky130_fd_pr__nfet_01v8_EDL9KC_0/sky130_fd_pr__nfet_01v8:0 vs. sky130_fd_pr__nfet_01v8:M1:
Property ps in circuit1 has no matching property in circuit2
sky130_fd_pr__nfet_01v8_EDL9KC_0/sky130_fd_pr__nfet_01v8:0 vs. sky130_fd_pr__nfet_01v8:M1:
Property as in circuit1 has no matching property in circuit2
sky130_fd_pr__nfet_01v8_EDL9KC_0/sky130_fd_pr__nfet_01v8:0 vs. sky130_fd_pr__nfet_01v8:M1:
Property pd in circuit1 has no matching property in circuit2
sky130_fd_pr__nfet_01v8_EDL9KC_0/sky130_fd_pr__nfet_01v8:0 vs. sky130_fd_pr__nfet_01v8:M1:
Property ad in circuit1 has no matching property in circuit2
sky130_fd_pr__nfet_01v8_EDL9KC_0/sky130_fd_pr__nfet_01v8:0 vs. sky130_fd_pr__nfet_01v8:M1:
Property nf in circuit2 has no matching property in circuit1
sky130_fd_pr__pfet_01v8_2MG8BZ_0/sky130_fd_pr__pfet_01v8:0 vs. sky130_fd_pr__pfet_01v8:M2:
Property ps in circuit1 has no matching property in circuit2
sky130_fd_pr__pfet_01v8_2MG8BZ_0/sky130_fd_pr__pfet_01v8:0 vs. sky130_fd_pr__pfet_01v8:M2:
Property as in circuit1 has no matching property in circuit2
sky130_fd_pr__pfet_01v8_2MG8BZ_0/sky130_fd_pr__pfet_01v8:0 vs. sky130_fd_pr__pfet_01v8:M2:
Property pd in circuit1 has no matching property in circuit2
sky130_fd_pr__pfet_01v8_2MG8BZ_0/sky130_fd_pr__pfet_01v8:0 vs. sky130_fd_pr__pfet_01v8:M2:
Property ad in circuit1 has no matching property in circuit2
sky130_fd_pr__pfet_01v8_2MG8BZ_0/sky130_fd_pr__pfet_01v8:0 vs. sky130_fd_pr__pfet_01v8:M2:
Property nf in circuit2 has no matching property in circuit1

Subcircuit pins:
Circuit 1: inverter                        |Circuit 2: inverter                        
-------------------------------------------|-------------------------------------------
Vout                                       |OUT **Mismatch**                           
Vin                                        |IN **Mismatch**                            
VSS                                        |VSS                                        
VDD                                        |VDD                                        
---------------------------------------------------------------------------------------
Cell pin lists for inverter and inverter altered to match.
Device classes inverter and inverter are equivalent.

Subcircuit summary:
Circuit 1: ringosil.spice                  |Circuit 2: ringosil_sch.spice              
-------------------------------------------|-------------------------------------------
nand (1)                                   |nand (1)                                   
inverter (10)                              |inverter (10)                              
Number of devices: 11                      |Number of devices: 11                      
Number of nets: 14                         |Number of nets: 14                         
---------------------------------------------------------------------------------------
Netlists match uniquely.
Cells have no pins;  pin matching not needed.
Device classes ringosil.spice and ringosil_sch.spice are equivalent.

Final result: Circuits match uniquely.
.

The following cells had property errors:
 nand
 inverter
